<?xml version="1.0" encoding="UTF-8"?>
<testng-results ignored="0" total="1" passed="1" failed="0" skipped="0">
  <reporter-output>
  </reporter-output>
  <suite started-at="2024-01-20T14:16:54 PST" name="Default suite" finished-at="2024-01-20T14:17:18 PST" duration-ms="24128">
    <groups>
    </groups>
    <test started-at="2024-01-20T14:16:54 PST" name="Default test" finished-at="2024-01-20T14:17:18 PST" duration-ms="24128">
      <class name="com.Automation.webStaurantSearch">
        <test-method signature="search()[pri:0, instance:com.Automation.webStaurantSearch@2ea41516]" started-at="2024-01-20T14:16:54 PST" name="search" finished-at="2024-01-20T14:17:18 PST" duration-ms="24094" status="PASS">
          <reporter-output>
          </reporter-output>
        </test-method> <!-- search -->
      </class> <!-- com.Automation.webStaurantSearch -->
    </test> <!-- Default test -->
  </suite> <!-- Default suite -->
</testng-results>
